<?xml version="1.0" encoding="UTF-8"?>
<testsuite name="me.shinsunyoung.springbootdeveloper.MemberRepositoryTest" tests="1" skipped="0" failures="0" errors="0" timestamp="2024-10-06T15:11:08" hostname="iseung-eun-ui-MacBookPro.local" time="0.422">
  <properties/>
  <testcase name="getAllMembers()" classname="me.shinsunyoung.springbootdeveloper.MemberRepositoryTest" time="0.422"/>
  <system-out><![CDATA[00:11:07.192 [Test worker] INFO org.springframework.test.context.support.AnnotationConfigContextLoaderUtils -- Could not detect default configuration classes for test class [me.shinsunyoung.springbootdeveloper.MemberRepositoryTest]: MemberRepositoryTest does not declare any static, non-private, non-final, nested classes annotated with @Configuration.
00:11:07.263 [Test worker] INFO org.springframework.boot.test.context.SpringBootTestContextBootstrapper -- Found @SpringBootConfiguration me.shinsunyoung.springbootdeveloper.SpringBootDeveloperApplication for test class me.shinsunyoung.springbootdeveloper.MemberRepositoryTest

  .   ____          _            __ _ _
 /\\ / ___'_ __ _ _(_)_ __  __ _ \ \ \ \
( ( )\___ | '_ | '_| | '_ \/ _` | \ \ \ \
 \\/  ___)| |_)| | | | | || (_| |  ) ) ) )
  '  |____| .__|_| |_|_| |_\__, | / / / /
 =========|_|==============|___/=/_/_/_/
 :: Spring Boot ::                (v3.2.0)

2024-10-07T00:11:07.472+09:00  INFO 2335 --- [    Test worker] m.s.s.MemberRepositoryTest               : Starting MemberRepositoryTest using Java 17.0.10 with PID 2335 (started by iseung-eun in /Users/iseung-eun/IdeaProjects/springboot-developer)
2024-10-07T00:11:07.473+09:00  INFO 2335 --- [    Test worker] m.s.s.MemberRepositoryTest               : No active profile set, falling back to 1 default profile: "default"
2024-10-07T00:11:07.644+09:00  INFO 2335 --- [    Test worker] .s.d.r.c.RepositoryConfigurationDelegate : Bootstrapping Spring Data JPA repositories in DEFAULT mode.
2024-10-07T00:11:07.677+09:00  INFO 2335 --- [    Test worker] .s.d.r.c.RepositoryConfigurationDelegate : Finished Spring Data repository scanning in 28 ms. Found 1 JPA repository interface.
2024-10-07T00:11:07.700+09:00  INFO 2335 --- [    Test worker] beddedDataSourceBeanFactoryPostProcessor : Replacing 'dataSource' DataSource bean with embedded version
2024-10-07T00:11:07.770+09:00  INFO 2335 --- [    Test worker] o.s.j.d.e.EmbeddedDatabaseFactory        : Starting embedded database: url='jdbc:h2:mem:32233d7a-2eda-4c2f-9aa1-3a51c680ec70;DB_CLOSE_DELAY=-1;DB_CLOSE_ON_EXIT=false', username='sa'
2024-10-07T00:11:07.931+09:00  INFO 2335 --- [    Test worker] o.hibernate.jpa.internal.util.LogHelper  : HHH000204: Processing PersistenceUnitInfo [name: default]
2024-10-07T00:11:07.966+09:00  INFO 2335 --- [    Test worker] org.hibernate.Version                    : HHH000412: Hibernate ORM core version 6.3.1.Final
2024-10-07T00:11:07.985+09:00  INFO 2335 --- [    Test worker] o.h.c.internal.RegionFactoryInitiator    : HHH000026: Second-level cache disabled
2024-10-07T00:11:08.111+09:00  INFO 2335 --- [    Test worker] o.s.o.j.p.SpringPersistenceUnitInfo      : No LoadTimeWeaver setup: ignoring JPA class transformer
2024-10-07T00:11:08.546+09:00  INFO 2335 --- [    Test worker] o.h.e.t.j.p.i.JtaPlatformInitiator       : HHH000489: No JTA platform available (set 'hibernate.transaction.jta.platform' to enable JTA platform integration)
Hibernate: drop table if exists member cascade 
Hibernate: create table member (id bigint generated by default as identity, name varchar(255) not null, primary key (id))
2024-10-07T00:11:08.567+09:00  INFO 2335 --- [    Test worker] j.LocalContainerEntityManagerFactoryBean : Initialized JPA EntityManagerFactory for persistence unit 'default'
2024-10-07T00:11:08.724+09:00  INFO 2335 --- [    Test worker] m.s.s.MemberRepositoryTest               : Started MemberRepositoryTest in 1.423 seconds (process running for 2.179)
Hibernate: select m1_0.id,m1_0.name from member m1_0
]]></system-out>
  <system-err><![CDATA[]]></system-err>
</testsuite>
